Performing C SOURCE FILE Test CMAKE_HAVE_LIBC_PTHREAD failed with the following output:
Change Dir: /home/sheep/Learning/graphics/assignment8/build/CMakeFiles/CMakeTmp

Run Build Command(s):/usr/bin/make cmTC_ce296/fast && /usr/bin/make -f CMakeFiles/cmTC_ce296.dir/build.make CMakeFiles/cmTC_ce296.dir/build
make[1]: 进入目录“/home/sheep/Learning/graphics/assignment8/build/CMakeFiles/CMakeTmp”
Building C object CMakeFiles/cmTC_ce296.dir/src.c.o
/usr/bin/cc   -DCMAKE_HAVE_LIBC_PTHREAD   -o CMakeFiles/cmTC_ce296.dir/src.c.o   -c /home/sheep/Learning/graphics/assignment8/build/CMakeFiles/CMakeTmp/src.c
Linking C executable cmTC_ce296
/usr/bin/cmake -E cmake_link_script CMakeFiles/cmTC_ce296.dir/link.txt --verbose=1
/usr/bin/cc  -DCMAKE_HAVE_LIBC_PTHREAD    -rdynamic CMakeFiles/cmTC_ce296.dir/src.c.o  -o cmTC_ce296 
/usr/bin/ld: CMakeFiles/cmTC_ce296.dir/src.c.o: in function `main':
src.c:(.text+0x46): undefined reference to `pthread_create'
/usr/bin/ld: src.c:(.text+0x52): undefined reference to `pthread_detach'
/usr/bin/ld: src.c:(.text+0x63): undefined reference to `pthread_join'
collect2: error: ld returned 1 exit status
make[1]: *** [CMakeFiles/cmTC_ce296.dir/build.make:87：cmTC_ce296] 错误 1
make[1]: 离开目录“/home/sheep/Learning/graphics/assignment8/build/CMakeFiles/CMakeTmp”
make: *** [Makefile:121：cmTC_ce296/fast] 错误 2


Source file was:
#include <pthread.h>

void* test_func(void* data)
{
  return data;
}

int main(void)
{
  pthread_t thread;
  pthread_create(&thread, NULL, test_func, NULL);
  pthread_detach(thread);
  pthread_join(thread, NULL);
  pthread_atfork(NULL, NULL, NULL);
  pthread_exit(NULL);

  return 0;
}

Determining if the function pthread_create exists in the pthreads failed with the following output:
Change Dir: /home/sheep/Learning/graphics/assignment8/build/CMakeFiles/CMakeTmp

Run Build Command(s):/usr/bin/make cmTC_db51a/fast && /usr/bin/make -f CMakeFiles/cmTC_db51a.dir/build.make CMakeFiles/cmTC_db51a.dir/build
make[1]: 进入目录“/home/sheep/Learning/graphics/assignment8/build/CMakeFiles/CMakeTmp”
Building C object CMakeFiles/cmTC_db51a.dir/CheckFunctionExists.c.o
/usr/bin/cc   -DCHECK_FUNCTION_EXISTS=pthread_create   -o CMakeFiles/cmTC_db51a.dir/CheckFunctionExists.c.o   -c /usr/share/cmake-3.16/Modules/CheckFunctionExists.c
Linking C executable cmTC_db51a
/usr/bin/cmake -E cmake_link_script CMakeFiles/cmTC_db51a.dir/link.txt --verbose=1
/usr/bin/cc  -DCHECK_FUNCTION_EXISTS=pthread_create    -rdynamic CMakeFiles/cmTC_db51a.dir/CheckFunctionExists.c.o  -o cmTC_db51a  -lpthreads 
/usr/bin/ld: 找不到 -lpthreads
collect2: error: ld returned 1 exit status
make[1]: *** [CMakeFiles/cmTC_db51a.dir/build.make:87：cmTC_db51a] 错误 1
make[1]: 离开目录“/home/sheep/Learning/graphics/assignment8/build/CMakeFiles/CMakeTmp”
make: *** [Makefile:121：cmTC_db51a/fast] 错误 2



Determining if the function glXGetProcAddressEXT exists failed with the following output:
Change Dir: /home/sheep/Learning/graphics/assignment8/build/CMakeFiles/CMakeTmp

Run Build Command(s):/usr/bin/make cmTC_e5ecc/fast && /usr/bin/make -f CMakeFiles/cmTC_e5ecc.dir/build.make CMakeFiles/cmTC_e5ecc.dir/build
make[1]: 进入目录“/home/sheep/Learning/graphics/assignment8/build/CMakeFiles/CMakeTmp”
Building C object CMakeFiles/cmTC_e5ecc.dir/CheckFunctionExists.c.o
/usr/bin/cc   -DCHECK_FUNCTION_EXISTS=glXGetProcAddressEXT   -o CMakeFiles/cmTC_e5ecc.dir/CheckFunctionExists.c.o   -c /usr/share/cmake-3.16/Modules/CheckFunctionExists.c
Linking C executable cmTC_e5ecc
/usr/bin/cmake -E cmake_link_script CMakeFiles/cmTC_e5ecc.dir/link.txt --verbose=1
/usr/bin/cc  -DCHECK_FUNCTION_EXISTS=glXGetProcAddressEXT    -rdynamic CMakeFiles/cmTC_e5ecc.dir/CheckFunctionExists.c.o  -o cmTC_e5ecc  /usr/lib/x86_64-linux-gnu/libGL.so 
/usr/bin/ld: CMakeFiles/cmTC_e5ecc.dir/CheckFunctionExists.c.o: in function `main':
CheckFunctionExists.c:(.text+0x14): undefined reference to `glXGetProcAddressEXT'
collect2: error: ld returned 1 exit status
make[1]: *** [CMakeFiles/cmTC_e5ecc.dir/build.make:88：cmTC_e5ecc] 错误 1
make[1]: 离开目录“/home/sheep/Learning/graphics/assignment8/build/CMakeFiles/CMakeTmp”
make: *** [Makefile:121：cmTC_e5ecc/fast] 错误 2



